<?xml version="1.0" encoding="UTF-8"?>
<testng-results ignored="0" total="2" passed="2" failed="0" skipped="0">
  <reporter-output>
  </reporter-output>
  <suite started-at="2023-03-02T21:29:27 EST" name="MySuite" finished-at="2023-03-02T21:30:40 EST" duration-ms="73331">
    <groups>
    </groups>
    <test started-at="2023-03-02T21:29:27 EST" name="MyTest" finished-at="2023-03-02T21:30:40 EST" duration-ms="73331">
      <class name="BasicTest.alart">
        <test-method signature="f()[pri:0, instance:BasicTest.alart@1b1426f4]" started-at="2023-03-02T21:29:27 EST" name="f" finished-at="2023-03-02T21:30:21 EST" duration-ms="54713" status="PASS">
          <reporter-output>
          </reporter-output>
        </test-method> <!-- f -->
      </class> <!-- BasicTest.alart -->
      <class name="BasicTest.JRE_forgetPassword">
        <test-method signature="f()[pri:0, instance:BasicTest.JRE_forgetPassword@6da21078]" started-at="2023-03-02T21:30:21 EST" name="f" finished-at="2023-03-02T21:30:40 EST" duration-ms="18589" status="PASS">
          <reporter-output>
          </reporter-output>
        </test-method> <!-- f -->
      </class> <!-- BasicTest.JRE_forgetPassword -->
    </test> <!-- MyTest -->
  </suite> <!-- MySuite -->
</testng-results>
