<?xml version="1.0" encoding="UTF-8"?>
<testng-results ignored="0" total="1" passed="1" failed="0" skipped="0">
  <reporter-output>
  </reporter-output>
  <suite started-at="2023-03-06T21:38:51 EST" name="Default suite" finished-at="2023-03-06T21:38:55 EST" duration-ms="4098">
    <groups>
    </groups>
    <test started-at="2023-03-06T21:38:51 EST" name="Default test" finished-at="2023-03-06T21:38:55 EST" duration-ms="4098">
      <class name="BasicTest.timer_screenshot">
        <test-method signature="screenshot()[pri:0, instance:BasicTest.timer_screenshot@28f3b248]" started-at="2023-03-06T21:38:51 EST" name="screenshot" finished-at="2023-03-06T21:38:55 EST" duration-ms="4074" status="PASS">
          <reporter-output>
          </reporter-output>
        </test-method> <!-- screenshot -->
      </class> <!-- BasicTest.timer_screenshot -->
    </test> <!-- Default test -->
  </suite> <!-- Default suite -->
</testng-results>
